TN:
SF:src/shared/db/in-memory/in-memory.repository.ts
FN:6,<instance_members_initializer>
FN:8,insert
FN:11,bulkInsert
FN:14,update
FN:21,delete
FN:28,findById
FN:31,findAll
FN:35,_get
FNF:8
FNH:8
FNDA:9,<instance_members_initializer>
FNDA:4,insert
FNDA:2,bulkInsert
FNDA:2,update
FNDA:2,delete
FNDA:2,findById
FNDA:1,findAll
FNDA:2,_get
DA:1,1
DA:2,1
DA:3,1
DA:4,1
DA:5,1
DA:6,1
DA:7,9
DA:8,9
DA:9,4
DA:10,4
DA:11,9
DA:12,2
DA:13,2
DA:14,9
DA:15,2
DA:16,2
DA:17,1
DA:18,1
DA:19,1
DA:20,1
DA:21,9
DA:22,2
DA:23,2
DA:24,1
DA:25,1
DA:26,1
DA:27,1
DA:28,9
DA:29,2
DA:30,2
DA:31,9
DA:32,1
DA:33,1
DA:34,9
DA:35,9
DA:36,2
DA:37,2
DA:38,2
DA:39,9
DA:40,9
DA:41,9
LF:41
LH:41
BRDA:6,0,0,9
BRDA:8,1,0,4
BRDA:11,2,0,2
BRDA:14,3,0,2
BRDA:16,4,0,1
BRDA:15,5,0,1
BRDA:21,6,0,2
BRDA:23,7,0,1
BRDA:22,8,0,1
BRDA:28,9,0,2
BRDA:31,10,0,1
BRDA:35,11,0,2
BRDA:37,12,0,1
BRDA:37,13,0,1
BRDA:36,14,0,1
BRF:15
BRH:15
end_of_record
TN:
SF:src/shared/domain/entity.ts
FNF:0
FNH:0
DA:1,1
DA:2,1
DA:3,1
DA:4,1
DA:5,1
DA:6,1
DA:7,1
LF:7
LH:7
BRF:0
BRH:0
end_of_record
TN:
SF:src/shared/domain/value-object.ts
FN:4,equals
FNF:1
FNH:1
FNDA:7,equals
DA:1,1
DA:2,1
DA:3,1
DA:4,1
DA:5,7
DA:6,0
DA:7,0
DA:8,7
DA:9,7
DA:10,0
DA:11,0
DA:12,7
DA:13,7
DA:14,7
DA:15,1
LF:15
LH:11
BRDA:4,0,0,7
BRDA:5,1,0,0
BRDA:9,2,0,0
BRF:3
BRH:1
end_of_record
TN:
SF:src/shared/domain/errors/not-found.error.ts
FN:4,NotFoundError
FNF:1
FNH:1
FNDA:4,NotFoundError
DA:1,1
DA:2,1
DA:3,1
DA:4,1
DA:5,4
DA:6,4
DA:7,4
DA:8,4
DA:9,1
LF:9
LH:9
BRDA:4,0,0,4
BRDA:5,1,0,0
BRF:2
BRH:1
end_of_record
TN:
SF:src/shared/domain/value-objects/uuid.vo.ts
FN:4,<instance_members_initializer>
FN:6,Uuid
FN:12,validate
FN:19,toString
FN:25,InvalidUuidError
FNF:5
FNH:5
FNDA:15,<instance_members_initializer>
FNDA:15,Uuid
FNDA:15,validate
FNDA:2,toString
FNDA:2,InvalidUuidError
DA:1,1
DA:2,1
DA:3,1
DA:4,1
DA:5,15
DA:6,15
DA:7,15
DA:8,15
DA:9,15
DA:10,15
DA:11,15
DA:12,15
DA:13,15
DA:14,15
DA:15,1
DA:16,1
DA:17,15
DA:18,15
DA:19,15
DA:20,2
DA:21,2
DA:22,15
DA:23,1
DA:24,1
DA:25,1
DA:26,2
DA:27,2
DA:28,2
DA:29,1
LF:29
LH:29
BRDA:4,0,0,15
BRDA:6,1,0,15
BRDA:8,2,0,13
BRDA:12,3,0,15
BRDA:14,4,0,1
BRDA:19,5,0,2
BRDA:25,6,0,2
BRF:7
BRH:7
end_of_record
